c:\users\stamaniorec\documents\visual studio 2015\projects\battleships\battleships\debug\vc140.pdb
c:\users\stamaniorec\documents\visual studio 2015\projects\battleships\battleships\debug\vc140.idb
c:\users\stamaniorec\documents\visual studio 2015\projects\battleships\battleships\debug\battleship.obj
c:\users\stamaniorec\documents\visual studio 2015\projects\battleships\battleships\debug\carriership.obj
c:\users\stamaniorec\documents\visual studio 2015\projects\battleships\battleships\debug\cruisership.obj
c:\users\stamaniorec\documents\visual studio 2015\projects\battleships\battleships\debug\destroyership.obj
c:\users\stamaniorec\documents\visual studio 2015\projects\battleships\battleships\debug\shipposition.obj
c:\users\stamaniorec\documents\visual studio 2015\projects\battleships\battleships\debug\submarineship.obj
c:\users\stamaniorec\documents\visual studio 2015\projects\battleships\battleships\debug\board.obj
c:\users\stamaniorec\documents\visual studio 2015\projects\battleships\battleships\debug\main.obj
c:\users\stamaniorec\documents\visual studio 2015\projects\battleships\battleships\debug\game.obj
c:\users\stamaniorec\documents\visual studio 2015\projects\battleships\battleships\debug\ship.obj
c:\users\stamaniorec\documents\visual studio 2015\projects\battleships\battleships\debug\player.obj
c:\users\stamaniorec\documents\visual studio 2015\projects\battleships\battleships\debug\shipturnverifier.obj
c:\users\stamaniorec\documents\visual studio 2015\projects\battleships\debug\battleships.ilk
c:\users\stamaniorec\documents\visual studio 2015\projects\battleships\debug\battleships.exe
c:\users\stamaniorec\documents\visual studio 2015\projects\battleships\debug\battleships.pdb
c:\users\stamaniorec\documents\visual studio 2015\projects\battleships\battleships\debug\battleships.tlog\cl.command.1.tlog
c:\users\stamaniorec\documents\visual studio 2015\projects\battleships\battleships\debug\battleships.tlog\cl.read.1.tlog
c:\users\stamaniorec\documents\visual studio 2015\projects\battleships\battleships\debug\battleships.tlog\cl.write.1.tlog
c:\users\stamaniorec\documents\visual studio 2015\projects\battleships\battleships\debug\battleships.tlog\link.command.1.tlog
c:\users\stamaniorec\documents\visual studio 2015\projects\battleships\battleships\debug\battleships.tlog\link.read.1.tlog
c:\users\stamaniorec\documents\visual studio 2015\projects\battleships\battleships\debug\battleships.tlog\link.write.1.tlog
